\BOOKMARK [0][-]{Doc-Start}{\376\377\000D\000a\000n\000h\000\040\000m\036\345\000c\000\040\000t\036\353\000\040\000v\000i\036\277\000t\000\040\000t\036\257\000t\000\040\000v\000\340\000\040\000t\000h\000u\036\255\000t\000\040\000n\000g\036\357\000\040\000c\000h\000u\000y\000\352\000n\000\040\000n\000g\000\340\000n\000h}{}% 1
\BOOKMARK [0][-]{chapter*.2}{\376\377\000T\000\363\000m\000\040\000t\036\257\000t}{}% 2
\BOOKMARK [0][-]{chapter.1}{\376\377\000T\036\325\000n\000g\000\040\000q\000u\000a\000n\000\040\000d\036\361\000\040\000\341\000n}{}% 3
\BOOKMARK [1][-]{section.1.1}{\376\377\000G\000i\036\333\000i\000\040\000t\000h\000i\036\307\000u\000\040\000d\036\361\000\040\000\341\000n}{chapter.1}% 4
\BOOKMARK [1][-]{section.1.2}{\376\377\000T\000h\000\340\000n\000h\000\040\000t\036\361\000u\000\040\000c\000h\000\355\000n\000h}{chapter.1}% 5
\BOOKMARK [1][-]{section.1.3}{\376\377\000T\000\363\000m\000\040\000t\036\257\000t\000\040\000c\036\243\000i\000\040\000t\000h\000i\036\307\000n\000\040\000h\000i\036\307\000u\000\040\000n\001\003\000n\000g}{chapter.1}% 6
\BOOKMARK [1][-]{section.1.4}{\376\377\000T\036\325\000n\000g\000\040\000q\000u\000a\000n\000\040\000c\000\364\000n\000g\000\040\000n\000g\000h\036\307\000\040\000s\036\355\000\040\000d\036\345\000n\000g}{chapter.1}% 7
\BOOKMARK [0][-]{chapter.2}{\376\377\000G\000i\036\333\000i\000\040\000t\000h\000i\036\307\000u}{}% 8
\BOOKMARK [1][-]{section.2.1}{\376\377\000B\000\340\000i\000\040\000t\000o\000\341\000n\000\040\000n\000g\000h\000i\000\352\000n\000\040\000c\036\351\000u}{chapter.2}% 9
\BOOKMARK [2][-]{subsection.2.1.1}{\376\377\000T\000\341\000c\000\040\001\021\036\331\000n\000g\000\040\000c\036\347\000a\000\040\000\371\000n\000\040\000t\036\257\000c\000\040\000g\000i\000a\000o\000\040\000t\000h\000\364\000n\000g\000\040\001\021\000\364\000\040\000t\000h\036\313}{section.2.1}% 10
\BOOKMARK [2][-]{subsection.2.1.2}{\376\377\000G\000i\036\333\000i\000\040\000h\036\241\000n\000\040\000c\036\347\000a\000\040\001\021\000i\036\301\000u\000\040\000k\000h\000i\036\303\000n\000\040\000t\000h\036\335\000i\000\040\000g\000i\000a\000n\000\040\000c\036\321\000\040\001\021\036\313\000n\000h}{section.2.1}% 11
\BOOKMARK [2][-]{subsection.2.1.3}{\376\377\000Y\000\352\000u\000\040\000c\036\247\000u\000\040\001\260\000u\000\040\000t\000i\000\352\000n\000\040\000c\000h\000o\000\040\000p\000h\001\260\001\241\000n\000g\000\040\000t\000i\036\307\000n\000\040\000k\000h\036\251\000n\000\040\000c\036\245\000p}{section.2.1}% 12
\BOOKMARK [2][-]{subsection.2.1.4}{\376\377\000V\036\245\000n\000\040\001\021\036\301\000\040\000r\036\275\000\040\000t\000r\000\341\000i\000\040\000v\000\340\000\040\000x\000u\000n\000g\000\040\001\021\036\331\000t\000\040\000p\000h\000a}{section.2.1}% 13
\BOOKMARK [1][-]{section.2.2}{\376\377\000M\036\345\000c\000\040\000t\000i\000\352\000u\000\040\000n\000g\000h\000i\000\352\000n\000\040\000c\036\351\000u}{chapter.2}% 14
\BOOKMARK [1][-]{section.2.3}{\376\377\000P\000h\036\241\000m\000\040\000v\000i\000\040\000v\000\340\000\040\000g\000i\036\333\000i\000\040\000h\036\241\000n}{chapter.2}% 15
\BOOKMARK [1][-]{section.2.4}{\376\377\001\020\000\363\000n\000g\000\040\000g\000\363\000p\000\040\000c\000h\000\355\000n\000h}{chapter.2}% 16
\BOOKMARK [1][-]{section.2.5}{\376\377\000C\036\245\000u\000\040\000t\000r\000\372\000c\000\040\000c\000h\001\260\001\241\000n\000g\000\040\000t\000i\036\277\000p\000\040\000t\000h\000e\000o}{chapter.2}% 17
\BOOKMARK [0][-]{chapter.3}{\376\377\000T\036\325\000n\000g\000\040\000q\000u\000a\000n\000\040\000t\000\340\000i\000\040\000l\000i\036\307\000u}{}% 18
\BOOKMARK [1][-]{section.3.1}{\376\377\000P\000h\001\260\001\241\000n\000g\000\040\000p\000h\000\341\000p\000\040\001\021\000i\036\301\000u\000\040\000k\000h\000i\036\303\000n\000\040\000g\000i\000a\000o\000\040\000t\000h\000\364\000n\000g\000\040\000t\000r\000u\000y\036\301\000n\000\040\000t\000h\036\321\000n\000g}{chapter.3}% 19
\BOOKMARK [1][-]{section.3.2}{\376\377\000H\036\307\000\040\000t\000h\036\321\000n\000g\000\040\001\021\000i\036\301\000u\000\040\000k\000h\000i\036\303\000n\000\040\000t\000h\000\355\000c\000h\000\040\000n\000g\000h\000i\000,\000\040\000h\036\315\000c\000\040\000t\001\003\000n\000g\000\040\000c\001\260\036\335\000n\000g\000\040\000v\000\340\000\040\000p\000h\001\260\001\241\000n\000g\000\040\000p\000h\000\341\000p\000\040\000l\000a\000i}{chapter.3}% 20
\BOOKMARK [1][-]{section.3.3}{\376\377\000K\000h\000o\036\243\000n\000g\000\040\000t\000r\036\321\000n\000g\000\040\000n\000g\000h\000i\000\352\000n\000\040\000c\036\351\000u}{chapter.3}% 21
\BOOKMARK [1][-]{section.3.4}{\376\377\000K\036\277\000t\000\040\000l\000u\036\255\000n\000\040\000c\000h\001\260\001\241\000n\000g}{chapter.3}% 22
\BOOKMARK [0][-]{chapter.4}{\376\377\000K\000i\036\277\000n\000\040\000t\000r\000\372\000c\000\040\000h\036\307\000\040\000t\000h\036\321\000n\000g}{}% 23
\BOOKMARK [1][-]{section.4.1}{\376\377\000T\000h\000i\036\277\000t\000\040\000k\036\277\000\040\000t\036\325\000n\000g\000\040\000t\000h\036\303}{chapter.4}% 24
\BOOKMARK [2][-]{subsection.4.1.1}{\376\377\000S\001\241\000\040\001\021\036\323\000\040\000t\000h\000\340\000n\000h\000\040\000p\000h\036\247\000n\000\040\000h\036\307\000\040\000t\000h\036\321\000n\000g}{section.4.1}% 25
\BOOKMARK [1][-]{section.4.2}{\376\377\000L\000u\036\323\000n\000g\000\040\000d\036\357\000\040\000l\000i\036\307\000u\000\040\000v\000\340\000\040\000t\000\355\000c\000h\000\040\000h\036\343\000p}{chapter.4}% 26
\BOOKMARK [1][-]{section.4.3}{\376\377\000C\000\341\000c\000\040\000t\000h\000\340\000n\000h\000\040\000p\000h\036\247\000n\000\040\000c\036\321\000t\000\040\000l\000\365\000i}{chapter.4}% 27
\BOOKMARK [2][-]{subsection.4.3.1}{UniversalSmartTrafficController}{section.4.3}% 28
\BOOKMARK [2][-]{subsection.4.3.2}{AdaptivePhaseController\040\(APC\)}{section.4.3}% 29
\BOOKMARK [2][-]{subsection.4.3.3}{EnhancedQLearningAgent}{section.4.3}% 30
\BOOKMARK [2][-]{subsection.4.3.4}{\376\377\000G\000i\000a\000o\000\040\000t\000i\036\277\000p\000\040\000S\000U\000M\000O\040\023\000T\000r\000a\000C\000I}{section.4.3}% 31
\BOOKMARK [1][-]{section.4.4}{\376\377\000C\000\364\000n\000g\000\040\000n\000g\000h\036\307\000\040\000s\036\355\000\040\000d\036\345\000n\000g}{chapter.4}% 32
\BOOKMARK [2][-]{subsection.4.4.1}{\376\377\000P\000y\000t\000h\000o\000n\000\040\000v\000\340\000\040\000t\000h\001\260\000\040\000v\000i\036\307\000n}{section.4.4}% 33
\BOOKMARK [2][-]{subsection.4.4.2}{\376\377\000M\000\364\000\040\000p\000h\036\317\000n\000g\000\040\000g\000i\000a\000o\000\040\000t\000h\000\364\000n\000g\000\040\000S\000U\000M\000O}{section.4.4}% 34
\BOOKMARK [2][-]{subsection.4.4.3}{\376\377\000T\000\355\000c\000h\000\040\000h\036\343\000p\000\040\000A\000P\000I\000\040\000T\000r\000a\000C\000I}{section.4.4}% 35
\BOOKMARK [2][-]{subsection.4.4.4}{\376\377\000C\036\245\000u\000\040\000h\000\354\000n\000h\000\040\000S\000u\000p\000a\000b\000a\000s\000e}{section.4.4}% 36
\BOOKMARK [0][-]{chapter.5}{\376\377\001\020\000i\036\301\000u\000\040\000k\000h\000i\036\303\000n\000\040\000p\000h\000a\000\040\000t\000h\000\355\000c\000h\000\040\000n\000g\000h\000i\000\040\000\050\000A\000P\000C\000\051}{}% 37
\BOOKMARK [1][-]{section.5.1}{\376\377\000N\000g\000u\000y\000\352\000n\000\040\000l\000\375\000\040\000t\000h\000i\036\277\000t\000\040\000k\036\277\000\040\000v\000\340\000\040\000k\000i\036\277\000n\000\040\000t\000r\000\372\000c}{chapter.5}% 38
\BOOKMARK [2][-]{subsection.5.1.1}{\376\377\000B\036\331\000\040\001\021\000i\036\301\000u\000\040\000k\000h\000i\036\303\000n\000\040\000p\000h\000a\000\040\000t\000h\000\355\000c\000h\000\040\000n\000g\000h\000i\000\040\000\050\000A\000P\000C\000\051}{section.5.1}% 39
\BOOKMARK [2][-]{subsection.5.1.2}{\376\377\000K\000h\036\337\000i\000\040\000t\036\241\000o\000\040\000v\000\340\000\040\000c\036\245\000u\000\040\000h\000\354\000n\000h\000\040\000h\036\307\000\040\000t\000h\036\321\000n\000g}{section.5.1}% 40
\BOOKMARK [2][-]{subsection.5.1.3}{\376\377\000C\036\245\000u\000\040\000t\000r\000\372\000c\000\040\000d\036\357\000\040\000l\000i\036\307\000u\000\040\000v\000\340\000\040\000t\000h\000a\000m\000\040\000s\036\321\000\040\001\021\000i\036\301\000u\000\040\000k\000h\000i\036\303\000n}{section.5.1}% 41
\BOOKMARK [2][-]{subsection.5.1.4}{\376\377\000T\000\355\000c\000h\000\040\000h\036\343\000p\000\040\000v\036\333\000i\000\040\000T\000r\000a\000C\000I\000\040\000v\000\340\000\040\000S\000U\000M\000O}{section.5.1}% 42
\BOOKMARK [1][-]{section.5.2}{\376\377\000Q\000u\036\243\000n\000\040\000l\000\375\000\040\000l\000o\000g\000i\000c\000\040\000p\000h\000a\000\040\001\021\000\350\000n\000\040\000t\000\355\000n\000\040\000h\000i\036\307\000u}{chapter.5}% 43
\BOOKMARK [2][-]{subsection.5.2.1}{\376\377\000C\001\241\000\040\000c\000h\036\277\000\040\000c\000a\000c\000h\000e\000\040\000v\000\340\000\040\000t\036\321\000i\000\040\001\260\000u\000\040\000t\000r\000u\000y\000\040\000x\000u\036\245\000t}{section.5.2}% 44
\BOOKMARK [2][-]{subsection.5.2.2}{\376\377\001\020\000i\036\301\000u\000\040\000k\000h\000i\036\303\000n\000\040\000c\000h\000u\000y\036\303\000n\000\040\000p\000h\000a\000\040\000a\000n\000\040\000t\000o\000\340\000n}{section.5.2}% 45
\BOOKMARK [2][-]{subsection.5.2.3}{\376\377\000C\000h\000\350\000n\000\040\000p\000h\000a\000\040\001\021\000\350\000n\000\040\000v\000\340\000n\000g\000\040\000t\036\361\000\040\001\021\036\331\000n\000g}{section.5.2}% 46
\BOOKMARK [2][-]{subsection.5.2.4}{\376\377\000X\036\355\000\040\000l\000\375\000\040\000v\000\340\000\040\000n\000g\001\003\000n\000\040\000c\000h\036\267\000n\000\040\000x\000u\000n\000g\000\040\001\021\036\331\000t\000\040\000p\000h\000a}{section.5.2}% 47
\BOOKMARK [1][-]{section.5.3}{\376\377\001\020\000i\036\301\000u\000\040\000c\000h\036\311\000n\000h\000\040\000t\000h\036\335\000i\000\040\000l\001\260\036\343\000n\000g\000\040\000p\000h\000a\000\040\001\021\036\331\000n\000g}{chapter.5}% 48
\BOOKMARK [2][-]{subsection.5.3.1}{\376\377\000T\000h\000u\036\255\000t\000\040\000t\000o\000\341\000n\000\040\001\021\000i\036\301\000u\000\040\000c\000h\036\311\000n\000h\000\040\000d\000e\000l\000t\000a\000-\000t}{section.5.3}% 49
\BOOKMARK [2][-]{subsection.5.3.2}{\376\377\000C\001\241\000\040\000c\000h\036\277\000\040\000e\000x\000t\000e\000n\000s\000i\000o\000n\000\040\000v\000\340\000\040\000c\036\255\000p\000\040\000n\000h\036\255\000t\000\040\000r\000e\000m\000a\000i\000n\000i\000n\000g\000\040\000t\000i\000m\000e}{section.5.3}% 50
\BOOKMARK [2][-]{subsection.5.3.3}{\376\377\000R\000\340\000n\000g\000\040\000b\000u\036\331\000c\000\040\000m\000i\000n\000\137\000g\000r\000e\000e\000n\000\040\000v\000\340\000\040\000m\000a\000x\000\137\000g\000r\000e\000e\000n}{section.5.3}% 51
\BOOKMARK [2][-]{subsection.5.3.4}{\376\377\000T\000\355\000n\000h\000\040\000t\000o\000\341\000n\000\040\000t\000h\036\335\000i\000\040\000l\001\260\036\343\000n\000g\000\040\000t\036\321\000i\000\040\001\260\000u\000\040\000t\000h\000e\000o\000\040\000n\000h\000u\000\040\000c\036\247\000u}{section.5.3}% 52
\BOOKMARK [1][-]{section.5.4}{\376\377\000H\036\307\000\040\000t\000h\036\321\000n\000g\000\040\000q\000u\036\243\000n\000\040\000l\000\375\000\040\000y\000\352\000u\000\040\000c\036\247\000u\000\040\001\260\000u\000\040\000t\000i\000\352\000n}{chapter.5}% 53
\BOOKMARK [2][-]{subsection.5.4.1}{\376\377\000C\036\245\000u\000\040\000t\000r\000\372\000c\000\040\000h\000\340\000n\000g\000\040\001\021\036\343\000i\000\040\000y\000\352\000u\000\040\000c\036\247\000u\000\040\000p\000h\000\342\000n\000\040\000c\036\245\000p}{section.5.4}% 54
\BOOKMARK [2][-]{subsection.5.4.2}{\376\377\000X\036\355\000\040\000l\000\375\000\040\000y\000\352\000u\000\040\000c\036\247\000u\000\040\000t\000h\000e\000o\000\040\000m\036\351\000c\000\040\001\021\036\331\000\040\001\260\000u\000\040\000t\000i\000\352\000n}{section.5.4}% 55
\BOOKMARK [2][-]{subsection.5.4.3}{\376\377\000C\001\241\000\040\000c\000h\036\277\000\040\000g\000o\000m\000\040\000n\000h\000i\036\301\000u\000\040\000y\000\352\000u\000\040\000c\036\247\000u\000\040\000v\000\340\000\040\000x\036\355\000\040\000l\000\375\000\040\000h\000\340\000n\000g\000\040\000l\000o\036\241\000t}{section.5.4}% 56
\BOOKMARK [2][-]{subsection.5.4.4}{\376\377\000G\000i\036\243\000i\000\040\000q\000u\000y\036\277\000t\000\040\000x\000u\000n\000g\000\040\001\021\036\331\000t\000\040\000g\000i\036\357\000a\000\040\000c\000\341\000c\000\040\000y\000\352\000u\000\040\000c\036\247\000u}{section.5.4}% 57
\BOOKMARK [1][-]{section.5.5}{\376\377\000P\000h\000\341\000t\000\040\000h\000i\036\307\000n\000\040\000v\000\340\000\040\000x\036\355\000\040\000l\000\375\000\040\000t\036\257\000c\000\040\000n\000g\000h\036\275\000n}{chapter.5}% 58
\BOOKMARK [2][-]{subsection.5.5.1}{\376\377\000T\000h\000u\036\255\000t\000\040\000t\000o\000\341\000n\000\040\000n\000h\036\255\000n\000\040\000d\000i\036\307\000n\000\040\000t\036\257\000c\000\040\000n\000g\000h\036\275\000n\000\040\000g\000i\000a\000o\000\040\000t\000h\000\364\000n\000g}{section.5.5}% 59
\BOOKMARK [2][-]{subsection.5.5.2}{\376\377\000T\036\325\000n\000g\000\040\000h\036\343\000p\000\040\000n\000h\000i\036\301\000u\000\040\000y\036\277\000u\000\040\000t\036\321\000\040\001\021\036\303\000\040\000x\000\341\000c\000\040\001\021\036\313\000n\000h\000\040\000m\036\351\000c\000\040\001\021\036\331\000\040\000n\000g\000h\000i\000\352\000m\000\040\000t\000r\036\315\000n\000g}{section.5.5}% 60
\BOOKMARK [2][-]{subsection.5.5.3}{\376\377\000D\036\361\000\040\000b\000\341\000o\000\040\000v\000\340\000\040\000p\000h\000\362\000n\000g\000\040\000n\000g\036\353\000a\000\040\000t\036\257\000c\000\040\000n\000g\000h\036\275\000n}{section.5.5}% 61
\BOOKMARK [2][-]{subsection.5.5.4}{\376\377\000K\000\355\000c\000h\000\040\000h\000o\036\241\000t\000\040\000c\000h\036\277\000\040\001\021\036\331\000\040\000t\036\257\000c\000\040\000n\000g\000h\036\275\000n}{section.5.5}% 62
\BOOKMARK [1][-]{section.5.6}{\376\377\000Q\000u\036\243\000n\000\040\000l\000\375\000\040\000r\036\275\000\040\000t\000r\000\341\000i\000\040\000b\036\243\000o\000\040\000v\036\307\000\040\000t\000h\000\364\000n\000g\000\040\000m\000i\000n\000h}{chapter.5}% 63
\BOOKMARK [2][-]{subsection.5.6.1}{\376\377\000P\000h\000\341\000t\000\040\000h\000i\036\307\000n\000\040\000b\000l\000o\000c\000k\000e\000d\000\040\000l\000e\000f\000t\000\040\000t\000u\000r\000n\000\040\000v\036\333\000i\000\040\000x\000u\000n\000g\000\040\001\021\036\331\000t}{section.5.6}% 64
\BOOKMARK [2][-]{subsection.5.6.2}{\376\377\000T\036\241\000o\000\040\000p\000h\000a\000\040\000p\000r\000o\000t\000e\000c\000t\000e\000d\000\040\000l\000e\000f\000t\000\040\001\021\036\331\000n\000g}{section.5.6}% 65
\BOOKMARK [2][-]{subsection.5.6.3}{\376\377\000C\001\241\000\040\000c\000h\036\277\000\040\000m\000e\000m\000o\000r\000y\000\040\000v\000\340\000\040\000g\000u\000a\000r\000d\000\040\000d\000e\000a\000d\000l\000i\000n\000e}{section.5.6}% 66
\BOOKMARK [2][-]{subsection.5.6.4}{\376\377\000T\036\321\000i\000\040\001\260\000u\000\040\000t\000h\036\335\000i\000\040\000l\001\260\036\343\000n\000g\000\040\000p\000r\000o\000t\000e\000c\000t\000e\000d\000\040\000l\000e\000f\000t\000\040\000p\000h\000a\000s\000e}{section.5.6}% 67
\BOOKMARK [1][-]{section.5.7}{\376\377\000X\036\355\000\040\000l\000\375\000\040\000t\000\354\000n\000h\000\040\000h\000u\036\321\000n\000g\000\040\000k\000h\036\251\000n\000\040\000c\036\245\000p}{chapter.5}% 68
\BOOKMARK [2][-]{subsection.5.7.1}{\376\377\000P\000h\000\341\000t\000\040\000h\000i\036\307\000n\000\040\000p\000h\001\260\001\241\000n\000g\000\040\000t\000i\036\307\000n\000\040\001\260\000u\000\040\000t\000i\000\352\000n}{section.5.7}% 69
\BOOKMARK [2][-]{subsection.5.7.2}{\376\377\000E\000m\000e\000r\000g\000e\000n\000c\000y\000\040\000r\000e\000b\000a\000l\000a\000n\000c\000i\000n\000g\000\040\000k\000h\000i\000\040\000m\036\245\000t\000\040\000c\000\342\000n\000\040\000b\036\261\000n\000g\000\040\000l\001\260\000u\000\040\000l\001\260\036\343\000n\000g}{section.5.7}% 70
\BOOKMARK [2][-]{subsection.5.7.3}{\376\377\000X\036\355\000\040\000l\000\375\000\040\000s\000t\000a\000r\000v\000a\000t\000i\000o\000n\000\040\000v\000\340\000\040\000\371\000n\000\040\000t\036\257\000c\000\040\000n\000g\000h\000i\000\352\000m\000\040\000t\000r\036\315\000n\000g}{section.5.7}% 71
\BOOKMARK [2][-]{subsection.5.7.4}{\376\377\000C\001\241\000\040\000c\000h\036\277\000\040\000c\000o\000o\000l\000d\000o\000w\000n\000\040\000v\000\340\000\040\000c\000h\036\321\000n\000g\000\040\000n\000h\036\245\000p\000\040\000n\000h\000\341\000y\000\040\000p\000h\000a\000\040\000\050\000f\000l\000i\000c\000k\000e\000r\000\051}{section.5.7}% 72
\BOOKMARK [0][-]{chapter.6}{\376\377\000T\000h\000\340\000n\000h\000\040\000p\000h\036\247\000n\000\040\000h\036\315\000c\000\040\000t\001\003\000n\000g\000\040\000c\001\260\036\335\000n\000g}{}% 73
\BOOKMARK [1][-]{section.6.1}{\376\377\000K\000i\036\277\000n\000\040\000t\000r\000\372\000c\000\040\000A\000g\000e\000n\000t\000\040\000Q\000-\000l\000e\000a\000r\000n\000i\000n\000g\000\040\000c\036\243\000i\000\040\000t\000i\036\277\000n}{chapter.6}% 74
\BOOKMARK [1][-]{section.6.2}{\376\377\000C\001\241\000\040\000c\000h\036\277\000\040\000h\036\315\000c}{chapter.6}% 75
\BOOKMARK [1][-]{section.6.3}{\376\377\000T\000h\000i\036\277\000t\000\040\000k\036\277\000\040\000v\000e\000c\000t\000o\000r\000\040\000t\000r\036\241\000n\000g\000\040\000t\000h\000\341\000i}{chapter.6}% 76
\BOOKMARK [1][-]{section.6.4}{\376\377\000T\000h\000i\036\277\000t\000\040\000k\036\277\000\040\000h\000\340\000m\000\040\000t\000h\001\260\036\337\000n\000g}{chapter.6}% 77
\BOOKMARK [0][-]{chapter.7}{\376\377\000C\000h\000i\036\277\000n\000\040\000l\001\260\036\343\000c\000\040\001\021\000i\036\301\000u\000\040\000k\000h\000i\036\303\000n\000\040\000l\000a\000i}{}% 78
\BOOKMARK [1][-]{section.7.1}{\376\377\000K\000h\000u\000n\000g\000\040\000t\000\355\000c\000h\000\040\000h\036\343\000p}{chapter.7}% 79
\BOOKMARK [1][-]{section.7.2}{\376\377\000L\000u\036\323\000n\000g\000\040\001\021\000i\036\301\000u\000\040\000k\000h\000i\036\303\000n}{chapter.7}% 80
\BOOKMARK [1][-]{section.7.3}{\376\377\000G\000i\036\243\000i\000\040\000q\000u\000y\036\277\000t\000\040\000x\000u\000n\000g\000\040\001\021\036\331\000t}{chapter.7}% 81
\BOOKMARK [0][-]{chapter.8}{\376\377\000Q\000u\036\243\000n\000\040\000l\000\375\000\040\000p\000h\001\260\001\241\000n\000g\000\040\000t\000i\036\307\000n\000\040\001\260\000u\000\040\000t\000i\000\352\000n}{}% 82
\BOOKMARK [1][-]{section.8.1}{\376\377\000C\001\241\000\040\000c\000h\036\277\000\040\000p\000h\000\341\000t\000\040\000h\000i\036\307\000n\000\040\000p\000h\001\260\001\241\000n\000g\000\040\000t\000i\036\307\000n\000\040\000k\000h\036\251\000n\000\040\000c\036\245\000p}{chapter.8}% 83
\BOOKMARK [1][-]{section.8.2}{\376\377\000K\000i\036\277\000n\000\040\000t\000r\000\372\000c\000\040\000h\000\340\000n\000g\000\040\001\021\036\343\000i\000\040\000y\000\352\000u\000\040\000c\036\247\000u\000\040\001\260\000u\000\040\000t\000i\000\352\000n}{chapter.8}% 84
\BOOKMARK [1][-]{section.8.3}{\376\377\000C\000h\000i\036\277\000n\000\040\000l\001\260\036\343\000c\000\040\000p\000h\036\345\000c\000\040\000v\036\345\000\040\000p\000h\001\260\001\241\000n\000g\000\040\000t\000i\036\307\000n\000\040\001\260\000u\000\040\000t\000i\000\352\000n}{chapter.8}% 85
\BOOKMARK [1][-]{section.8.4}{\376\377\000T\000\341\000c\000\040\001\021\036\331\000n\000g\000\040\000t\036\333\000i\000\040\000l\000o\000g\000i\000c\000\040\001\021\000i\036\301\000u\000\040\000k\000h\000i\036\303\000n\000\040\000t\036\325\000n\000g\000\040\000t\000h\036\303}{chapter.8}% 86
\BOOKMARK [1][-]{section.8.5}{\376\377\000P\000h\036\321\000i\000\040\000h\036\343\000p\000\040\000v\036\333\000i\000\040\000c\000\341\000c\000\040\000l\000o\036\241\000i\000\040\001\260\000u\000\040\000t\000i\000\352\000n\000\040\000k\000h\000\341\000c}{chapter.8}% 87
\BOOKMARK [1][-]{section.8.6}{\376\377\001\020\000\341\000n\000h\000\040\000g\000i\000\341\000\040\000h\000i\036\307\000u\000\040\000n\001\003\000n\000g\000\040\000v\000\340\000\040\000c\000\364\000n\000g\000\040\000b\036\261\000n\000g}{chapter.8}% 88
\BOOKMARK [1][-]{section.8.7}{\376\377\000K\036\313\000c\000h\000\040\000b\036\243\000n\000\040\000m\000\364\000\040\000p\000h\036\317\000n\000g\000\040\000t\000h\036\361\000c\000\040\000n\000g\000h\000i\036\307\000m}{chapter.8}% 89
\BOOKMARK [1][-]{section.8.8}{\376\377\000P\000h\000\342\000n\000\040\000t\000\355\000c\000h\000\040\000c\000h\000i\000\040\000t\000i\036\277\000t\000\040\000h\000i\036\307\000u\000\040\000n\001\003\000n\000g\000\040\000t\000r\000\352\000n\000\040\000m\000\343\000\040\000n\000g\000u\036\323\000n\000\040\000b\036\331\000\040\001\021\000i\036\301\000u\000\040\000k\000h\000i\036\303\000n}{chapter.8}% 90
\BOOKMARK [2][-]{subsection.8.8.1}{\376\377\000T\036\321\000i\000\040\001\260\000u\000\040\000h\000\363\000a\000\040\000t\000h\036\335\000i\000\040\000l\001\260\036\343\000n\000g\000\040\000p\000h\000a\000\040\000p\000h\036\345\000c\000\040\000v\036\345}{section.8.8}% 91
\BOOKMARK [2][-]{subsection.8.8.2}{\376\377\000K\036\277\000t\000\040\000h\036\343\000p\000\040\000a\000d\000a\000p\000t\000i\000v\000e\000\040\000R\000L\000\040\000v\000\340\000\040\000r\000u\000l\000e\000-\000b\000a\000s\000e\000d}{section.8.8}% 92
\BOOKMARK [2][-]{subsection.8.8.3}{\376\377\001\020\036\243\000m\000\040\000b\036\243\000o\000\040\000a\000n\000\040\000t\000o\000\340\000n\000\040\000v\000\340\000\040\000t\000\355\000n\000h\000\040\000p\000h\036\345\000c\000\040\000h\036\323\000i}{section.8.8}% 93
\BOOKMARK [1][-]{section.8.9}{\376\377\000H\036\241\000n\000\040\000c\000h\036\277\000\040\000v\000\340\000\040\001\021\036\301\000\040\000x\000u\036\245\000t\000\040\000c\036\243\000i\000\040\000t\000i\036\277\000n}{chapter.8}% 94
\BOOKMARK [1][-]{section.8.10}{\376\377\000T\000\340\000i\000\040\000l\000i\036\307\000u\000\040\000t\000h\000a\000m\000\040\000k\000h\036\243\000o\000\040\036\351\000n\000g\000\040\000d\036\345\000n\000g}{chapter.8}% 95
\BOOKMARK [0][-]{chapter.9}{\376\377\000Q\000u\036\243\000n\000\040\000l\000\375\000\040\000d\036\357\000\040\000l\000i\036\307\000u}{}% 96
\BOOKMARK [1][-]{section.9.1}{\376\377\000K\000i\036\277\000n\000\040\000t\000r\000\372\000c\000\040\000v\000\340\000\040\000c\001\241\000\040\000c\000h\036\277\000\040\000l\001\260\000u\000\040\000t\000r\036\357\000\040\000d\036\357\000\040\000l\000i\036\307\000u}{chapter.9}% 97
\BOOKMARK [2][-]{subsection.9.1.1}{\376\377\000T\000\355\000c\000h\000\040\000h\036\343\000p\000\040\000S\000u\000p\000a\000b\000a\000s\000e\000:\000\040\000p\000i\000p\000e\000l\000i\000n\000e\000\040\000d\036\357\000\040\000l\000i\036\307\000u\000\040\000v\000\340\000\040\000t\036\321\000i\000\040\001\260\000u\000\040\000v\036\255\000n\000\040\000h\000\340\000n\000h}{section.9.1}% 98
\BOOKMARK [2][-]{subsection.9.1.2}{\376\377\000Q\000u\000y\000\040\000t\000r\000\354\000n\000h\000\040\000l\001\260\000u\000\040\000t\000r\036\357\000\040\000v\000\340\000\040\001\021\036\323\000n\000g\000\040\000b\036\331\000\040\000Q\000-\000T\000a\000b\000l\000e\000\040\000c\036\347\000a\000\040\000t\000\341\000c\000\040\000t\036\355\000\040\000R\000L}{section.9.1}% 99
\BOOKMARK [2][-]{subsection.9.1.3}{\376\377\000H\036\307\000\040\000t\000h\036\321\000n\000g\000\040\000g\000h\000i\000\040\000l\000o\000g\000\040\000s\036\361\000\040\000k\000i\036\307\000n\000\040\001\021\000i\036\301\000u\000\040\000k\000h\000i\036\303\000n}{section.9.1}% 100
\BOOKMARK [2][-]{subsection.9.1.4}{\376\377\000T\036\321\000i\000\040\001\260\000u\000\040\000h\000i\036\307\000u\000\040\000s\000u\036\245\000t\000\040\000l\001\260\000u\000\040\000t\000r\036\357}{section.9.1}% 101
\BOOKMARK [0][-]{chapter.10}{\376\377\000C\000h\000i\000\040\000t\000i\036\277\000t\000\040\000t\000r\000i\036\303\000n\000\040\000k\000h\000a\000i}{}% 102
\BOOKMARK [1][-]{section.10.1}{\376\377\000C\000\340\000i\000\040\001\021\036\267\000t\000\040\000v\000\340\000\040\000c\036\245\000u\000\040\000h\000\354\000n\000h}{chapter.10}% 103
\BOOKMARK [2][-]{subsection.10.1.1}{\376\377\000C\000\340\000i\000\040\001\021\036\267\000t\000\040\000m\000\364\000i\000\040\000t\000r\001\260\036\335\000n\000g}{section.10.1}% 104
\BOOKMARK [1][-]{section.10.2}{\376\377\000T\000h\000a\000m\000\040\000s\036\321\000\040\000c\036\245\000u\000\040\000h\000\354\000n\000h}{chapter.10}% 105
\BOOKMARK [1][-]{section.10.3}{\376\377\000C\036\245\000u\000\040\000t\000r\000\372\000c\000\040\000m\000\343\000\040\000n\000g\000u\036\323\000n}{chapter.10}% 106
\BOOKMARK [2][-]{subsection.10.3.1}{\376\377\000S\001\241\000\040\001\021\036\323\000\040\000k\000i\036\277\000n\000\040\000t\000r\000\372\000c\000\040\000m\000o\000d\000u\000l\000e}{section.10.3}% 107
\BOOKMARK [2][-]{subsection.10.3.2}{\376\377\000C\000\341\000c\000\040\000l\036\333\000p\000\040\000c\000h\000\355\000n\000h}{section.10.3}% 108
\BOOKMARK [2][-]{subsection.10.3.3}{\376\377\000L\000u\036\323\000n\000g\000\040\001\021\000i\036\301\000u\000\040\000k\000h\000i\036\303\000n\000\040\000c\000h\000\355\000n\000h}{section.10.3}% 109
\BOOKMARK [2][-]{subsection.10.3.4}{\376\377\000V\000\355\000\040\000d\036\345\000\040\000c\000o\000d\000e\000:\000\040\000K\000h\036\337\000i\000\040\000t\036\241\000o\000\040\000A\000P\000C\000\040\000v\000\340\000\040\000R\000L\000\040\000a\000g\000e\000n\000t}{section.10.3}% 110
\BOOKMARK [2][-]{subsection.10.3.5}{\376\377\000V\000\355\000\040\000d\036\345\000\040\000c\000o\000d\000e\000:\000\040\000Q\000u\036\243\000n\000\040\000l\000\375\000\040\000h\000\340\000n\000g\000\040\001\021\036\343\000i\000\040\000y\000\352\000u\000\040\000c\036\247\000u\000\040\001\260\000u\000\040\000t\000i\000\352\000n}{section.10.3}% 111
\BOOKMARK [2][-]{subsection.10.3.6}{\376\377\000V\000\355\000\040\000d\036\345\000\040\000c\000o\000d\000e\000:\000\040\001\020\000i\036\301\000u\000\040\000c\000h\036\311\000n\000h\000\040\000t\000h\036\335\000i\000\040\000l\001\260\036\343\000n\000g\000\040\000p\000h\000a\000\040\001\021\036\331\000n\000g}{section.10.3}% 112
\BOOKMARK [2][-]{subsection.10.3.7}{\376\377\000V\000\355\000\040\000d\036\345\000\040\000c\000o\000d\000e\000:\000\040\000C\000h\000\350\000n\000\040\000p\000h\000a\000\040\000v\000\340\000n\000g\000\040\000t\036\361\000\040\001\021\036\331\000n\000g}{section.10.3}% 113
\BOOKMARK [2][-]{subsection.10.3.8}{\376\377\000V\000\355\000\040\000d\036\345\000\040\000c\000o\000d\000e\000:\000\040\000T\000\355\000c\000h\000\040\000h\036\343\000p\000\040\000S\000u\000p\000a\000b\000a\000s\000e\000\040\000b\000a\000t\000c\000h\000\040\000w\000r\000i\000t\000e\000r}{section.10.3}% 114
\BOOKMARK [2][-]{subsection.10.3.9}{\376\377\000D\000i\000a\000g\000r\000a\000m\000:\000\040\000C\000h\000u\000\040\000t\000r\000\354\000n\000h\000\040\001\021\000i\036\301\000u\000\040\000k\000h\000i\036\303\000n\000\040\000t\036\325\000n\000g\000\040\000q\000u\000\341\000t}{section.10.3}% 115
\BOOKMARK [0][-]{chapter.11}{\376\377\000M\000\364\000\040\000h\000\354\000n\000h\000\040\000t\000h\000\355\000\040\000n\000g\000h\000i\036\307\000m}{}% 116
\BOOKMARK [1][-]{section.11.1}{\376\377\000M\000\364\000i\000\040\000t\000r\001\260\036\335\000n\000g\000\040\000m\000\364\000\040\000p\000h\036\317\000n\000g}{chapter.11}% 117
\BOOKMARK [2][-]{subsection.11.1.1}{\376\377\000T\000h\000i\036\277\000t\000\040\000l\036\255\000p\000\040\000t\000o\000p\000o\000l\000o\000g\000y\000\040\000v\000\340\000\040\000l\000o\000g\000i\000c\000\040\001\021\000\350\000n\000\040\000b\036\261\000n\000g\000\040\000N\000E\000T\000E\000D\000I\000T}{section.11.1}% 118
\BOOKMARK [2][-]{subsection.11.1.2}{\376\377\000T\000\355\000c\000h\000\040\000h\036\343\000p\000\040\000c\000\341\000c\000\040\000f\000i\000l\000e\000\040\000c\036\245\000u\000\040\000h\000\354\000n\000h\000\040\000v\000\340\000o\000\040\000m\000\364\000\040\000p\000h\036\317\000n\000g\000\040\000S\000U\000M\000O}{section.11.1}% 119
\BOOKMARK [2][-]{subsection.11.1.3}{\376\377\000T\000\355\000c\000h\000\040\000h\036\343\000p\000\040\000T\000r\000a\000C\000I\000\040\000v\000\340\000\040\000c\000\341\000c\000\040\000t\000h\000\340\000n\000h\000\040\000p\000h\036\247\000n\000\040\000m\000\364\000\040\000p\000h\036\317\000n\000g}{section.11.1}% 120
\BOOKMARK [1][-]{section.11.2}{\376\377\000C\036\245\000u\000\040\000h\000\354\000n\000h\000\040\000c\001\241\000\040\000b\036\243\000n}{chapter.11}% 121
\BOOKMARK [2][-]{subsection.11.2.1}{\376\377\000C\036\245\000u\000\040\000h\000\354\000n\000h\000\040\000m\036\241\000n\000g\000\040\000l\001\260\036\333\000i\000\040\000g\000i\000a\000o\000\040\000t\000h\000\364\000n\000g}{section.11.2}% 122
\BOOKMARK [2][-]{subsection.11.2.2}{\376\377\000C\036\245\000u\000\040\000h\000\354\000n\000h\000\040\000f\000i\000l\000e\000\040\000m\000\364\000\040\000p\000h\036\317\000n\000g\000\040\000S\000U\000M\000O}{section.11.2}% 123
\BOOKMARK [2][-]{subsection.11.2.3}{\376\377\000C\036\245\000u\000\040\000h\000\354\000n\000h\000\040\000t\000\355\000c\000h\000\040\000h\036\343\000p\000\040\000b\036\331\000\040\001\021\000i\036\301\000u\000\040\000k\000h\000i\036\303\000n}{section.11.2}% 124
\BOOKMARK [1][-]{section.11.3}{\376\377\000T\000h\000\355\000\040\000n\000g\000h\000i\036\307\000m\000\040\000k\000i\036\303\000m\000\040\000s\000o\000\341\000t}{chapter.11}% 125
\BOOKMARK [2][-]{subsection.11.3.1}{\376\377\000T\000\354\000n\000h\000\040\000h\000u\036\321\000n\000g\000\040\000g\000i\036\243\000\040\000l\036\255\000p}{section.11.3}% 126
\BOOKMARK [2][-]{subsection.11.3.2}{\376\377\000Q\000u\000y\000\040\000t\000r\000\354\000n\000h\000\040\000t\000h\036\361\000c\000\040\000n\000g\000h\000i\036\307\000m}{section.11.3}% 127
\BOOKMARK [2][-]{subsection.11.3.3}{\376\377\000T\000\355\000c\000h\000\040\000h\036\343\000p\000\040\000d\000a\000s\000h\000b\000o\000a\000r\000d\000\040\000t\000r\036\361\000c\000\040\000q\000u\000a\000n\000\040\000h\000\363\000a}{section.11.3}% 128
\BOOKMARK [0][-]{chapter.12}{\376\377\001\020\000\341\000n\000h\000\040\000g\000i\000\341\000\040\000h\000i\036\307\000u\000\040\000n\001\003\000n\000g\000\040\000v\000\340\000\040\000s\000o\000\040\000s\000\341\000n\000h}{}% 129
\BOOKMARK [1][-]{section.12.1}{\376\377\000C\000\341\000c\000\040\000c\000h\036\311\000\040\000s\036\321\000\040\001\021\000\341\000n\000h\000\040\000g\000i\000\341}{chapter.12}% 130
\BOOKMARK [1][-]{section.12.2}{\376\377\000S\000o\000\040\000s\000\341\000n\000h\000\040\001\021\036\313\000n\000h\000\040\000l\001\260\036\343\000n\000g\000\040\000v\000\340\000\040\001\021\036\313\000n\000h\000\040\000t\000\355\000n\000h}{chapter.12}% 131
\BOOKMARK [2][-]{subsection.12.2.1}{\376\377\000S\000o\000\040\000s\000\341\000n\000h\000\040\001\021\036\313\000n\000h\000\040\000l\001\260\036\343\000n\000g\000\040\000g\000i\036\357\000a\000\040\000h\000a\000i\000\040\000c\000h\036\277\000\040\001\021\036\331}{section.12.2}% 132
\BOOKMARK [2][-]{subsection.12.2.2}{\376\377\000S\000o\000\040\000s\000\341\000n\000h\000\040\001\021\036\313\000n\000h\000\040\000t\000\355\000n\000h}{section.12.2}% 133
\BOOKMARK [1][-]{section.12.3}{\376\377\001\020\000\341\000n\000h\000\040\000g\000i\000\341\000\040\000t\000h\000e\000o\000\040\000k\036\313\000c\000h\000\040\000b\036\243\000n}{chapter.12}% 134
\BOOKMARK [2][-]{subsection.12.3.1}{\376\377\000K\036\313\000c\000h\000\040\000b\036\243\000n\000\040\0001\000:\000\040\000L\001\260\000u\000\040\000l\001\260\036\343\000n\000g\000\040\000c\000a\000o\000\040\000g\000i\036\335\000\040\000c\000a\000o\000\040\001\021\000i\036\303\000m}{section.12.3}% 135
\BOOKMARK [2][-]{subsection.12.3.2}{\376\377\000K\036\313\000c\000h\000\040\000b\036\243\000n\000\040\0002\000:\000\040\000X\000u\036\245\000t\000\040\000h\000i\036\307\000n\000\040\000\371\000n\000\040\000t\036\257\000c\000\040\000c\036\361\000c\000\040\001\021\000o\000a\000n}{section.12.3}% 136
\BOOKMARK [2][-]{subsection.12.3.3}{\376\377\000P\000h\000\342\000n\000\040\000t\000\355\000c\000h\000\040\000c\000h\000i\000\040\000t\000i\036\277\000t\000\040\000b\036\261\000n\000g\000\040\000m\000\343\000\040\000n\000g\000u\036\323\000n}{section.12.3}% 137
\BOOKMARK [1][-]{section.12.4}{\376\377\000P\000h\000\342\000n\000\040\000t\000\355\000c\000h\000\040\000k\000h\036\243\000\040\000n\001\003\000n\000g\000\040\001\021\000i\036\301\000u\000\040\000c\000h\036\311\000n\000h\000\040\000p\000h\000a}{chapter.12}% 138
\BOOKMARK [1][-]{section.12.5}{\376\377\000K\036\277\000t\000\040\000l\000u\036\255\000n\000\040\000s\000o\000\040\000s\000\341\000n\000h}{chapter.12}% 139
\BOOKMARK [0][-]{chapter.13}{\376\377\000K\036\277\000t\000\040\000q\000u\036\243\000\040\000v\000\340\000\040\000t\000h\036\243\000o\000\040\000l\000u\036\255\000n}{}% 140
\BOOKMARK [1][-]{section.13.1}{\376\377\000P\000h\000\341\000t\000\040\000h\000i\036\307\000n\000\040\000c\000h\000\355\000n\000h}{chapter.13}% 141
\BOOKMARK [1][-]{section.13.2}{\376\377\000P\000h\000\342\000n\000\040\000t\000\355\000c\000h\000\040\000h\000\340\000n\000h\000\040\000v\000i\000\040\000h\036\307\000\040\000t\000h\036\321\000n\000g}{chapter.13}% 142
\BOOKMARK [2][-]{subsection.13.2.1}{\376\377\000L\000u\036\323\000n\000g\000\040\001\021\000i\036\301\000u\000\040\000k\000h\000i\036\303\000n\000\040\001\260\000u\000\040\000t\000i\000\352\000n}{section.13.2}% 143
\BOOKMARK [2][-]{subsection.13.2.2}{\376\377\000Q\000u\036\243\000n\000\040\000l\000\375\000\040\000r\036\275\000\040\000t\000r\000\341\000i\000\040\000b\036\243\000o\000\040\000v\036\307}{section.13.2}% 144
\BOOKMARK [2][-]{subsection.13.2.3}{\376\377\000Q\000u\036\243\000n\000\040\000l\000\375\000\040\000t\036\257\000c\000\040\000n\000g\000h\036\275\000n\000\040\000v\000\340\000\040\000m\000e\000t\000e\000r\000i\000n\000g}{section.13.2}% 145
\BOOKMARK [2][-]{subsection.13.2.4}{\376\377\000T\036\321\000i\000\040\001\260\000u\000\040\000h\000\363\000a\000\040\000t\000h\036\335\000i\000\040\000l\001\260\036\343\000n\000g\000\040\000p\000h\000a\000\040\001\021\036\331\000n\000g}{section.13.2}% 146
\BOOKMARK [2][-]{subsection.13.2.5}{\376\377\001\020\036\323\000n\000g\000\040\000b\036\331\000\040\000s\036\361\000\040\000k\000i\036\307\000n\000\040\000v\000\340\000\040\000t\000r\036\241\000n\000g\000\040\000t\000h\000\341\000i\000\040\000l\000\352\000n\000\040\000S\000u\000p\000a\000b\000a\000s\000e}{section.13.2}% 147
\BOOKMARK [1][-]{section.13.3}{\376\377\000H\036\241\000n\000\040\000c\000h\036\277\000\040\000v\000\340\000\040\000t\000h\000\341\000c\000h\000\040\000t\000h\036\351\000c}{chapter.13}% 148
\BOOKMARK [0][-]{chapter.14}{\376\377\000T\000r\036\361\000c\000\040\000q\000u\000a\000n\000\040\000h\000\363\000a\000\040\000v\000\340\000\040\000g\000i\000\341\000m\000\040\000s\000\341\000t}{}% 149
\BOOKMARK [1][-]{section.14.1}{\376\377\000B\036\243\000n\000g\000\040\001\021\000i\036\301\000u\000\040\000k\000h\000i\036\303\000n\000\040\000t\000h\036\335\000i\000\040\000g\000i\000a\000n\000\040\000t\000h\036\361\000c}{chapter.14}% 150
\BOOKMARK [2][-]{subsection.14.1.1}{\376\377\000K\000i\036\277\000n\000\040\000t\000r\000\372\000c\000\040\000v\000\340\000\040\000c\000h\036\351\000c\000\040\000n\001\003\000n\000g\000\040\000c\000h\000\355\000n\000h}{section.14.1}% 151
\BOOKMARK [2][-]{subsection.14.1.2}{\376\377\000C\000\341\000c\000\040\000n\000h\000\363\000m\000\040\000c\000h\036\351\000c\000\040\000n\001\003\000n\000g}{section.14.1}% 152
\BOOKMARK [2][-]{subsection.14.1.3}{\376\377\000L\000u\036\323\000n\000g\000\040\000d\036\357\000\040\000l\000i\036\307\000u}{section.14.1}% 153
\BOOKMARK [1][-]{section.14.2}{\376\377\000P\000h\000\342\000n\000\040\000t\000\355\000c\000h\000\040\000d\036\357\000\040\000l\000i\036\307\000u\000\040\000h\036\255\000u\000\040\000k\036\363}{chapter.14}% 154
\BOOKMARK [1][-]{section.14.3}{\376\377\001\020\036\323\000n\000g\000\040\000b\036\331\000\040\000v\000\340\000\040\000m\036\337\000\040\000r\036\331\000n\000g}{chapter.14}% 155
\BOOKMARK [0][-]{chapter.15}{\376\377\000H\001\260\036\333\000n\000g\000\040\000p\000h\000\341\000t\000\040\000t\000r\000i\036\303\000n\000\040\000t\001\260\001\241\000n\000g\000\040\000l\000a\000i}{}% 156
\BOOKMARK [1][-]{section.15.1}{\376\377\001\020\000i\036\301\000u\000\040\000p\000h\036\321\000i\000\040\001\021\000a\000\040\000n\000\372\000t\000\040\000g\000i\000a\000o}{chapter.15}% 157
\BOOKMARK [1][-]{section.15.2}{\376\377\000T\000\355\000c\000h\000\040\000h\036\343\000p\000\040\000h\036\315\000c\000\040\000t\001\003\000n\000g\000\040\000c\001\260\036\335\000n\000g\000\040\000s\000\342\000u}{chapter.15}% 158
\BOOKMARK [1][-]{section.15.3}{\376\377\000G\000i\000a\000o\000\040\000t\000i\036\277\000p\000\040\000x\000e\000-\000h\036\241\000\040\000t\036\247\000n\000g\000\040\000\050\000V\0002\000I\000\051}{chapter.15}% 159
\BOOKMARK [1][-]{section.15.4}{\376\377\000D\036\361\000\040\000b\000\341\000o\000\040\000g\000i\000a\000o\000\040\000t\000h\000\364\000n\000g}{chapter.15}% 160
\BOOKMARK [1][-]{section.15.5}{\376\377\000M\036\337\000\040\000r\036\331\000n\000g\000\040\000d\036\361\000a\000\040\000t\000r\000\352\000n\000\040\001\021\000i\036\307\000n\000\040\000t\000o\000\341\000n\000\040\001\021\000\341\000m\000\040\000m\000\342\000y}{chapter.15}% 161
\BOOKMARK [0][-]{chapter.16}{\376\377\000K\036\277\000t\000\040\000l\000u\036\255\000n}{}% 162
\BOOKMARK [1][-]{section.16.1}{\376\377\000T\000\363\000m\000\040\000t\036\257\000t\000\040\000k\036\277\000t\000\040\000q\000u\036\243\000\040\000n\000g\000h\000i\000\352\000n\000\040\000c\036\351\000u}{chapter.16}% 163
\BOOKMARK [1][-]{section.16.2}{\376\377\000T\000\341\000c\000\040\001\021\036\331\000n\000g\000\040\001\021\036\277\000n\000\040\000q\000u\036\243\000n\000\040\000l\000\375\000\040\000g\000i\000a\000o\000\040\000t\000h\000\364\000n\000g\000\040\001\021\000\364\000\040\000t\000h\036\313}{chapter.16}% 164
\BOOKMARK [1][-]{section.16.3}{\376\377\036\350\000n\000g\000\040\000d\036\345\000n\000g\000\040\000t\000h\036\361\000c\000\040\000t\000i\036\305\000n\000\040\000v\000\340\000\040\000t\000r\000i\036\303\000n\000\040\000v\036\315\000n\000g}{chapter.16}% 165
\BOOKMARK [1][-]{section.16.4}{\376\377\000K\000h\000u\000y\036\277\000n\000\040\000n\000g\000h\036\313\000\040\000c\000u\036\321\000i\000\040\000c\000\371\000n\000g}{chapter.16}% 166
\BOOKMARK [0][-]{section*.101}{\376\377\000T\000\340\000i\000\040\000l\000i\036\307\000u\000\040\000t\000h\000a\000m\000\040\000k\000h\036\243\000o}{}% 167
\BOOKMARK [0][-]{appendix.A}{\376\377\000T\000\340\000i\000\040\000l\000i\036\307\000u\000\040\000m\000\343\000\040\000n\000g\000u\036\323\000n}{}% 168
\BOOKMARK [0][-]{appendix.B}{\376\377\000T\000\340\000i\000\040\000l\000i\036\307\000u\000\040\000m\000\343\000\040\000n\000g\000u\036\323\000n}{}% 169
\BOOKMARK [1][-]{section.B.1}{\376\377\000C\036\245\000u\000\040\000t\000r\000\372\000c\000\040\000t\036\325\000n\000g\000\040\000t\000h\036\303\000\040\000m\000\343\000\040\000n\000g\000u\036\323\000n}{appendix.B}% 170
\BOOKMARK [1][-]{section.B.2}{\376\377\000L\000u\036\323\000n\000g\000\040\000d\036\357\000\040\000l\000i\036\307\000u\000\040\000v\000\340\000\040\000v\000\362\000n\000g\000\040\000l\036\267\000p\000\040\001\021\000i\036\301\000u\000\040\000k\000h\000i\036\303\000n}{appendix.B}% 171
\BOOKMARK [1][-]{section.B.3}{\376\377\000C\000\341\000c\000\040\000t\000h\000u\036\255\000t\000\040\000t\000o\000\341\000n\000\040\000c\000h\000\355\000n\000h\000\040\000v\000\340\000\040\001\021\036\267\000c\000\040\000t\000r\001\260\000n\000g\000\040\000t\000r\000o\000n\000g\000\040\000m\000\343\000\040\000n\000g\000u\036\323\000n}{appendix.B}% 172
\BOOKMARK [2][-]{subsection.B.3.1}{\376\377\001\020\000i\036\301\000u\000\040\000c\000h\036\311\000n\000h\000\040\000p\000h\000a\000\040\001\021\036\331\000n\000g\000\040\000t\000h\000e\000o\000\040\000r\000e\000w\000a\000r\000d}{section.B.3}% 173
\BOOKMARK [2][-]{subsection.B.3.2}{\376\377\000Q\000u\036\243\000n\000\040\000l\000\375\000\040\000l\000o\000g\000i\000c\000\040\000p\000h\000a\000\040\001\021\000\350\000n\000\040\000v\000\340\000\040\000c\000a\000c\000h\000e}{section.B.3}% 174
\BOOKMARK [2][-]{subsection.B.3.3}{\376\377\000Q\000u\036\243\000n\000\040\000l\000\375\000\040\000h\000\340\000n\000g\000\040\001\021\036\343\000i\000\040\000y\000\352\000u\000\040\000c\036\247\000u\000\040\000c\000h\000u\000y\036\303\000n\000\040\000p\000h\000a}{section.B.3}% 175
\BOOKMARK [2][-]{subsection.B.3.4}{\376\377\000P\000h\000\341\000t\000\040\000h\000i\036\307\000n\000\040\000v\000\340\000\040\000x\036\355\000\040\000l\000\375\000\040\000r\036\275\000\040\000t\000r\000\341\000i\000\040\000b\036\243\000o\000\040\000v\036\307\000\040\001\021\036\331\000n\000g}{section.B.3}% 176
\BOOKMARK [2][-]{subsection.B.3.5}{\376\377\000C\036\255\000p\000\040\000n\000h\036\255\000t\000\040\000Q\000-\000t\000a\000b\000l\000e\000\040\000v\000\340\000\040\000h\036\315\000c\000\040\000t\001\003\000n\000g\000\040\000c\001\260\036\335\000n\000g}{section.B.3}% 177
\BOOKMARK [2][-]{subsection.B.3.6}{\376\377\000C\000h\000i\036\277\000n\000\040\000l\001\260\036\343\000c\000\040\000c\000h\036\315\000n\000\040\000h\000\340\000n\000h\000\040\001\021\036\331\000n\000g\000\040\000e\000p\000s\000i\000l\000o\000n\000-\000g\000r\000e\000e\000d\000y\000\040\000v\000\340\000\040\000p\000h\036\321\000i\000\040\000h\036\343\000p\000\040\000v\036\333\000i\000\040\000c\000o\000o\000r\000d\000i\000n\000a\000t\000o\000r}{section.B.3}% 178
\BOOKMARK [2][-]{subsection.B.3.7}{\376\377\000G\000h\000i\000\040\000l\000o\000g\000\040\000v\000\340\000\040\001\021\036\323\000n\000g\000\040\000b\036\331\000\040\000d\036\357\000\040\000l\000i\036\307\000u\000\040\000l\000\352\000n\000\040\000S\000u\000p\000a\000b\000a\000s\000e}{section.B.3}% 179
\BOOKMARK [1][-]{section.B.4}{\376\377\001\020\036\267\000c\000\040\001\021\000i\036\303\000m\000\040\000k\036\371\000\040\000t\000h\000u\036\255\000t\000\040\000v\000\340\000\040\000k\000i\000n\000h\000\040\000n\000g\000h\000i\036\307\000m\000\040\000t\000r\000i\036\303\000n\000\040\000k\000h\000a\000i}{appendix.B}% 180
\BOOKMARK [1][-]{section.B.5}{\376\377\000L\000i\000\352\000n\000\040\000h\036\307\000\040\000c\000\341\000c\000\040\000c\000h\001\260\001\241\000n\000g\000\040\000k\000h\000\341\000c}{appendix.B}% 181
\BOOKMARK [1][-]{section.B.6}{\376\377\000H\001\260\036\333\000n\000g\000\040\000d\036\253\000n\000\040\001\021\036\315\000c\000\040\000m\000\343\000\040\000n\000g\000u\036\323\000n}{appendix.B}% 182
\BOOKMARK [1][-]{section.B.7}{\376\377\000V\000\355\000\040\000d\036\345\000\040\000c\000h\000\350\000n\000\040\000m\000\343\000\040\000n\000g\000u\036\323\000n\000\040\000c\000h\000\355\000n\000h}{appendix.B}% 183
\BOOKMARK [1][-]{section.B.8}{\376\377\000T\000\340\000i\000\040\000l\000i\036\307\000u\000\040\000t\000h\000a\000m\000\040\000k\000h\036\243\000o\000\040\000l\000i\000\352\000n\000\040\000q\000u\000a\000n\000\040\000m\000\343\000\040\000n\000g\000u\036\323\000n}{appendix.B}% 184
\BOOKMARK [1][-]{section.B.9}{\376\377\000G\000h\000i\000\040\000c\000h\000\372\000\040\000t\000r\000i\036\303\000n\000\040\000k\000h\000a\000i\000\040\000t\000h\036\361\000c\000\040\000t\036\277}{appendix.B}% 185
\BOOKMARK [1][-]{section.B.10}{\376\377\000K\036\277\000t\000\040\000l\000u\036\255\000n}{appendix.B}% 186
\BOOKMARK [0][-]{appendix.C}{\376\377\000P\000h\036\345\000\040\000l\036\345\000c\000:\000\040\000L\001\260\036\343\000c\000\040\001\021\036\323\000\040\000b\036\243\000n\000g\000\040\000p\000h\000a\000s\000e\000\137\000r\000e\000c\000o\000r\000d\000s}{}% 187
\BOOKMARK [0][-]{section*.103}{\376\377\000P\000h\036\345\000\040\000l\036\345\000c\000:\000\040\000L\001\260\036\343\000c\000\040\001\021\036\323\000\040\000b\036\243\000n\000g\000\040\000p\000h\000a\000s\000e\000\137\000r\000e\000c\000o\000r\000d\000s}{}% 188
